<?xml version="1.0" encoding="UTF-8"?>
<testng-results ignored="0" total="1" passed="1" failed="0" skipped="0">
  <reporter-output>
    <line>
      <![CDATA[Create Customer]]>
    </line>
  </reporter-output>
  <suite started-at="2021-09-16T19:24:16 IST" name="Default suite" finished-at="2021-09-16T19:24:16 IST" duration-ms="94">
    <groups>
    </groups>
    <test started-at="2021-09-16T19:24:16 IST" name="Default test" finished-at="2021-09-16T19:24:16 IST" duration-ms="94">
      <class name="com.actitime.testScript.CustomerModule">
        <test-method signature="CreateCustomer()[pri:0, instance:com.actitime.testScript.CustomerModule@4e096385]" started-at="2021-09-16T19:24:16 IST" name="CreateCustomer" finished-at="2021-09-16T19:24:16 IST" duration-ms="13" status="PASS">
          <reporter-output>
            <line>
              <![CDATA[Create Customer]]>
            </line>
          </reporter-output>
        </test-method> <!-- CreateCustomer -->
      </class> <!-- com.actitime.testScript.CustomerModule -->
    </test> <!-- Default test -->
  </suite> <!-- Default suite -->
</testng-results>
