<?xml version="1.0" encoding="UTF-8"?>
<!-- Generated by org.testng.reporters.JUnitXMLReporter -->
<testsuite ignored="0" hostname="DESKTOP-6NG0V0J" failures="0" tests="3" name="TestRunner-Chrome" time="202.36" errors="0" timestamp="2021-10-08T16:57:48 IST">
  <testcase classname="scriptsContacts.TC_12_createcontact_and_select_assignedTo_Group_as_a_Teamselling_Group" name="createcontact_and_select_assignedTo_Group_as_a_Support_Group" time="24.269"/>
  <testcase classname="scriptsContacts.TC_11_createcontact_and_select_assignedTo_Group_as_a_Support_Group" name="createcontact_and_select_assignedTo_Group_as_a_Support_Group" time="50.403"/>
  <testcase classname="scriptsContacts.TC_15_Edit_Contacts" name="Edit_Contacts" time="24.772"/>
</testsuite> <!-- TestRunner-Chrome -->
