<?xml version="1.0" encoding="UTF-8"?>
<!-- Generated by org.testng.reporters.JUnitXMLReporter -->
<testsuite ignored="2" hostname="DESKTOP-6NG0V0J" failures="1" tests="1" name="Test" time="1.371" errors="0" timestamp="2021-10-08T10:27:39 IST">
  <testcase classname="scriptsContacts.TC_15_Edit_Contacts" name="Edit_Contacts" time="1.289">
    <failure type="java.lang.NullPointerException" message="Cannot invoke &amp;quot;org.openqa.selenium.SearchContext.findElement(org.openqa.selenium.By)&amp;quot; because &amp;quot;this.searchContext&amp;quot; is null">
      <![CDATA[java.lang.NullPointerException: Cannot invoke "org.openqa.selenium.SearchContext.findElement(org.openqa.selenium.By)" because "this.searchContext" is null
at org.openqa.selenium.support.pagefactory.DefaultElementLocator.findElement(DefaultElementLocator.java:69)
at org.openqa.selenium.support.pagefactory.internal.LocatingElementHandler.invoke(LocatingElementHandler.java:38)
at jdk.proxy2/jdk.proxy2.$Proxy14.click(Unknown Source)
at scriptsContacts.TC_15_Edit_Contacts.Edit_Contacts(TC_15_Edit_Contacts.java:36)
at java.base/java.util.ArrayList.forEach(ArrayList.java:1511)
... Removed 27 stack frames]]>
    </failure>
  </testcase> <!-- Edit_Contacts -->
  <testcase classname="scriptsContacts.TC_11_createcontact_and_select_assignedTo_Group_as_a_Support_Group" name="createcontact_and_select_assignedTo_Group_as_a_Support_Group" time="0.0">
    <ignored/>
  </testcase> <!-- createcontact_and_select_assignedTo_Group_as_a_Support_Group -->
  <testcase classname="scriptsContacts.TC_12_createcontact_and_select_assignedTo_Group_as_a_Teamselling_Group" name="createcontact_and_select_assignedTo_Group_as_a_Support_Group" time="0.0">
    <ignored/>
  </testcase> <!-- createcontact_and_select_assignedTo_Group_as_a_Support_Group -->
</testsuite> <!-- Test -->
